[2025-07-20 18:49:03] [WARNING] autowater: Попытка запуска точки доступа на Windows
[2025-07-20 18:50:52] [WARNING] autowater: Попытка запуска точки доступа на Windows
[2025-07-20 18:51:47] [WARNING] autowater: Попытка запуска точки доступа на Windows
[2025-07-20 20:13:17] [INFO] autowater: База данных найдена. Все таблицы в порядке.
[2025-07-20 20:13:17] [INFO] autowater: Сервер стартует
[2025-07-20 20:13:17] [INFO] autowater: Планировщик задач запущен
[2025-07-20 20:47:24] [INFO] autowater: База данных найдена. Все таблицы в порядке.
[2025-07-20 20:48:46] [INFO] autowater: База данных найдена. Все таблицы в порядке.
[2025-07-20 20:50:42] [INFO] autowater: База данных найдена. Все таблицы в порядке.
[2025-07-20 20:51:14] [INFO] autowater: База данных найдена. Все таблицы в порядке.
[2025-07-20 20:52:16] [INFO] autowater: База данных найдена. Все таблицы в порядке.
[2025-07-20 20:53:44] [INFO] autowater: База данных найдена. Все таблицы в порядке.
[2025-07-20 20:53:44] [WARNING] autowater: Попытка запуска точки доступа на Windows
[2025-07-20 20:56:10] [INFO] autowater: База данных найдена. Все таблицы в порядке.
[2025-07-20 20:57:27] [INFO] autowater: База данных найдена. Все таблицы в порядке.
[2025-07-20 20:58:13] [INFO] autowater: База данных найдена. Все таблицы в порядке.
[2025-07-20 21:19:25] [INFO] autowater: База данных найдена. Все таблицы в порядке.
[2025-07-20 21:19:25] [INFO] autowater: Сервер стартует
[2025-07-20 21:19:25] [INFO] autowater: Планировщик задач запущен
[2025-07-20 21:19:25] [WARNING] autowater: Интернет пропал
[2025-07-20 21:20:27] [INFO] autowater: Интернет восстановлен
[2025-07-20 21:21:31] [INFO] autowater: База данных найдена. Все таблицы в порядке.
[2025-07-20 21:21:31] [INFO] autowater: Сервер стартует
[2025-07-20 21:21:31] [INFO] autowater: Планировщик задач запущен
[2025-07-20 21:21:31] [WARNING] autowater: Интернет пропал
[2025-07-20 21:22:31] [INFO] autowater: Интернет восстановлен
[2025-07-20 21:30:24] [INFO] autowater: База данных найдена. Все таблицы в порядке.
[2025-07-20 21:30:24] [INFO] autowater: Сервер стартует
[2025-07-20 21:30:24] [INFO] autowater: Планировщик задач запущен
[2025-07-20 21:30:24] [INFO] autowater: IP-адрес устройства: 172.19.0.1
[2025-07-20 21:30:24] [WARNING] autowater: Интернет пропал
[2025-07-20 21:30:32] [INFO] autowater: База данных найдена. Все таблицы в порядке.
[2025-07-20 21:30:32] [INFO] autowater: Сервер стартует
[2025-07-20 21:30:32] [INFO] autowater: Планировщик задач запущен
[2025-07-20 21:30:32] [INFO] autowater: IP-адрес устройства: 172.19.0.1
[2025-07-20 21:30:32] [WARNING] autowater: Интернет пропал
[2025-07-20 21:31:34] [INFO] autowater: Интернет восстановлен
[2025-07-20 21:34:01] [INFO] autowater: База данных найдена. Все таблицы в порядке.
[2025-07-20 21:34:01] [INFO] autowater: Сервер стартует
[2025-07-20 21:34:01] [INFO] autowater: Планировщик задач запущен
[2025-07-20 21:34:01] [INFO] autowater: IP-адрес устройства: 192.168.0.215
[2025-07-20 21:34:01] [WARNING] autowater: Интернет пропал
[2025-07-20 21:35:03] [INFO] autowater: Интернет восстановлен
[2025-07-20 21:36:09] [WARNING] autowater: Интернет пропал
